2021-04-06 16:11:03,641 - spider.py - INFO - 用户昵称: 搞笑皮哥
用户id: 2640113513
微博数: 131445
关注数: 2396
粉丝数: 21877330

2021-04-06 16:11:03,757 - spider.py - INFO - ****************************************************************************************************
2021-04-06 16:11:03,989 - spider.py - INFO - ****************************************************************************************************
2021-04-06 16:11:06,357 - page_parser.py - INFO - #令人头大的祖国花朵# 小学生的作业…真是令人头大  [组图共9张] 原图 
微博发布位置：无
发布时间：2021-04-06 15:30
发布工具：无
点赞数：1281
转发数：231
评论数：314
url：https://weibo.cn/comment/K9Ew9rX3N

2021-04-06 16:11:06,357 - page_parser.py - INFO - ----------------------------------------------------------------------------------------------------
2021-04-06 16:11:06,779 - page_parser.py - INFO - #十几岁时候的夏天有多难忘# 宫崎骏动画里的夏天真的好治愈~  搞笑皮哥的微博视频  
微博发布位置：无
发布时间：2021-04-06 14:38
发布工具：微博视频号
点赞数：913
转发数：244
评论数：290
url：https://weibo.cn/comment/K9EaV201m

2021-04-06 16:11:06,779 - page_parser.py - INFO - ----------------------------------------------------------------------------------------------------
2021-04-06 16:11:07,111 - page_parser.py - INFO - #没想到考拉这么悲惨# 以前还羡慕考拉每天都在睡觉，立志下辈子要做一只考拉！现在知道真相的我眼泪掉下来...  搞笑皮哥的微博视频  
微博发布位置：无
发布时间：2021-04-06 11:41
发布工具：微博视频号
点赞数：1139
转发数：230
评论数：293
url：https://weibo.cn/comment/K9D13kBPr

2021-04-06 16:11:07,111 - page_parser.py - INFO - ----------------------------------------------------------------------------------------------------
2021-04-06 16:11:08,048 - page_parser.py - INFO - #特别害怕的词汇#实不相瞒 一张纸划下来我真的要窒息了你最害怕的词语是什么？  [组图共10张] 原图 
微博发布位置：无
发布时间：2021-04-06 10:58
发布工具：无
点赞数：971
转发数：232
评论数：302
url：https://weibo.cn/comment/K9CJSAzTk

2021-04-06 16:11:08,048 - page_parser.py - INFO - ----------------------------------------------------------------------------------------------------
2021-04-06 16:11:08,503 - page_parser.py - INFO - #因口误引发的社死现场# 笑死 喝饭吃水大家有没有因为口误而发声什么尴尬事儿？  搞笑皮哥的微博视频  
微博发布位置：无
发布时间：2021-04-06 10:43
发布工具：微博视频号
点赞数：1168
转发数：236
评论数：300
url：https://weibo.cn/comment/K9CDH67xd

2021-04-06 16:11:08,503 - page_parser.py - INFO - ----------------------------------------------------------------------------------------------------
2021-04-06 16:11:09,087 - page_parser.py - INFO - #妲己总喂纣王吃葡萄的原因#哈哈哈哈哈哈哈哈哈哈原因如下👇  [组图共9张] 原图 
微博发布位置：无
发布时间：2021-04-06 10:20
发布工具：无
点赞数：1240
转发数：220
评论数：278
url：https://weibo.cn/comment/K9Cu79Kgy

2021-04-06 16:11:09,089 - page_parser.py - INFO - ----------------------------------------------------------------------------------------------------
2021-04-06 16:11:09,516 - page_parser.py - INFO - #live house全场在蹦好日子#哈哈哈哈哈哈哈哈哈哈哈哈哈哈哈哈哈这就是养生蹦迪局嘛！是可以投稿迷惑行为大赏的程度  搞笑皮哥的微博视频  
微博发布位置：无
发布时间：2021-04-06 10:00
发布工具：微博视频号
点赞数：1213
转发数：198
评论数：298
url：https://weibo.cn/comment/K9Cm975WJ

2021-04-06 16:11:09,517 - page_parser.py - INFO - ----------------------------------------------------------------------------------------------------
2021-04-06 16:11:09,836 - page_parser.py - INFO - #怎么暗示领导这礼物很贵#学到了！但是有胆子这么说还给领导送什么礼啊 搞笑皮哥的微博视频  
微博发布位置：无
发布时间：2021-04-05 19:25
发布工具：微博视频号
点赞数：1301
转发数：328
评论数：289
url：https://weibo.cn/comment/K9wD95QRf

2021-04-06 16:11:09,837 - page_parser.py - INFO - ----------------------------------------------------------------------------------------------------
2021-04-06 16:11:10,273 - page_parser.py - INFO - #忘摘口罩引发的社死现场#口罩和面条打了个照面～ 搞笑皮哥的微博视频  
微博发布位置：无
发布时间：2021-04-05 11:19
发布工具：微博视频号
点赞数：1194
转发数：338
评论数：311
url：https://weibo.cn/comment/K9trKl1NB

2021-04-06 16:11:10,274 - page_parser.py - INFO - ----------------------------------------------------------------------------------------------------
2021-04-06 16:11:10,622 - page_parser.py - INFO - #主人脚臭对猫的伤害# 猫：呕～（晕倒.jpg 搞笑皮哥的微博视频  
微博发布位置：无
发布时间：2021-04-05 11:05
发布工具：微博视频号
点赞数：1329
转发数：313
评论数：305
url：https://weibo.cn/comment/K9tlXCnpW

2021-04-06 16:11:10,623 - page_parser.py - INFO - ----------------------------------------------------------------------------------------------------
2021-04-06 16:11:10,626 - spider.py - INFO - ------------------------------已获取搞笑皮哥(2640113513)的第1页微博------------------------------
2021-04-06 16:11:10,630 - json_writer.py - INFO - 10条微博写入json文件完毕，保存路径：E:\python_work\wbSpider\weibo\2640113513\2640113513.json
2021-04-06 16:11:10,631 - downloader.py - INFO - 即将进行视频下载
2021-04-06 16:11:38,444 - downloader.py - INFO - 视频下载完毕,保存路径:
2021-04-06 16:11:38,444 - downloader.py - INFO - E:\python_work\wbSpider\weibo\2640113513\video
2021-04-06 16:11:47,323 - page_parser.py - INFO - 这只猫干饭的样子不就是平时的我吗 搞笑皮哥的微博视频  
微博发布位置：无
发布时间：2021-04-04 22:29
发布工具：微博视频号
点赞数：1225
转发数：469
评论数：386
url：https://weibo.cn/comment/K9opl9Il2

2021-04-06 16:11:47,323 - page_parser.py - INFO - ----------------------------------------------------------------------------------------------------
2021-04-06 16:11:47,724 - page_parser.py - INFO - 玩大摆锤千万不要张嘴 会把魂儿叫出来 搞笑皮哥的微博视频  
微博发布位置：无
发布时间：2021-04-04 22:21
发布工具：微博视频号
点赞数：1106
转发数：427
评论数：295
url：https://weibo.cn/comment/K9olN3uvK

2021-04-06 16:11:47,724 - page_parser.py - INFO - ----------------------------------------------------------------------------------------------------
2021-04-06 16:11:48,141 - page_parser.py - INFO - 我们不是胖 只是可爱到膨胀！搞笑皮哥的微博视频  
微博发布位置：无
发布时间：2021-04-03 23:11
发布工具：微博视频号
点赞数：1270
转发数：434
评论数：298
url：https://weibo.cn/comment/K9ffN4XJj

2021-04-06 16:11:48,141 - page_parser.py - INFO - ----------------------------------------------------------------------------------------------------
2021-04-06 16:11:48,596 - page_parser.py - INFO - “猫把男朋友咬了 所以不得不把他送走”❗️看完！有反转！ 搞笑皮哥的微博视频   
微博发布位置：无
发布时间：2021-04-03 23:10
发布工具：微博视频号
点赞数：1157
转发数：2037
评论数：71
url：https://weibo.cn/comment/K9ff9rWJv

2021-04-06 16:11:48,596 - page_parser.py - INFO - ----------------------------------------------------------------------------------------------------
2021-04-06 16:11:49,052 - page_parser.py - INFO - #中国人的功夫是个谜# 你大爷永远是你大爷中国人均会功夫实锤了 搞笑皮哥的微博视频   
微博发布位置：无
发布时间：2021-04-03 22:10
发布工具：微博视频号
点赞数：1140
转发数：235
评论数：304
url：https://weibo.cn/comment/K9eRavQgz

2021-04-06 16:11:49,052 - page_parser.py - INFO - ----------------------------------------------------------------------------------------------------
2021-04-06 16:11:49,631 - page_parser.py - INFO - #见过最草率的名字#我觉得王者荣耀、房东、好厉害可以夺得前三了  [组图共10张] 原图 
微博发布位置：无
发布时间：2021-04-02 23:23
发布工具：无
点赞数：1147
转发数：225
评论数：305
url：https://weibo.cn/comment/K95TXw5LX

2021-04-06 16:11:49,631 - page_parser.py - INFO - ----------------------------------------------------------------------------------------------------
2021-04-06 16:11:49,970 - page_parser.py - INFO - #当体育生打疫苗时#好家伙这是我能免费看的吗手里的鸡腿突然就不香了 搞笑皮哥的微博视频  
微博发布位置：无
发布时间：2021-04-02 21:17
发布工具：微博视频号
点赞数：1184
转发数：227
评论数：301
url：https://weibo.cn/comment/K955a9U1E

2021-04-06 16:11:49,970 - page_parser.py - INFO - ----------------------------------------------------------------------------------------------------
2021-04-06 16:11:50,518 - page_parser.py - INFO - #如何反击别人说你胖了#🆘抖人的这条回怼别人说你胖了的评论我真的看一次笑一次 绝❗️抖人真的好会怼  [组图共4张] 原图 
微博发布位置：无
发布时间：2021-04-02 21:08
发布工具：无
点赞数：944
转发数：224
评论数：299
url：https://weibo.cn/comment/K951jrDY7

2021-04-06 16:11:50,518 - page_parser.py - INFO - ----------------------------------------------------------------------------------------------------
2021-04-06 16:11:51,062 - page_parser.py - INFO - 不同年龄段对加班的态度，谁能告诉我00后为什么这么勇啊  搞笑皮哥的微博视频  
微博发布位置：无
发布时间：2021-04-02 17:29
发布工具：微博视频号
点赞数：1036
转发数：230
评论数：279
url：https://weibo.cn/comment/K93AyuH3i

2021-04-06 16:11:51,062 - page_parser.py - INFO - ----------------------------------------------------------------------------------------------------
2021-04-06 16:11:51,765 - page_parser.py - INFO - #当你不想听别人说话时#当你不想听别人说话时👇做到后面两点会被认为是神经病吧 搞笑皮哥的微博视频  
微博发布位置：无
发布时间：2021-04-02 11:13
发布工具：微博视频号
点赞数：882
转发数：227
评论数：289
url：https://weibo.cn/comment/K917X9glb

2021-04-06 16:11:51,765 - page_parser.py - INFO - ----------------------------------------------------------------------------------------------------
2021-04-06 16:11:51,765 - spider.py - INFO - ------------------------------已获取搞笑皮哥(2640113513)的第2页微博------------------------------
2021-04-06 16:11:51,812 - json_writer.py - INFO - 10条微博写入json文件完毕，保存路径：E:\python_work\wbSpider\weibo\2640113513\2640113513.json
2021-04-06 16:11:51,812 - downloader.py - INFO - 即将进行视频下载
2021-04-06 16:12:07,741 - downloader.py - INFO - 视频下载完毕,保存路径:
2021-04-06 16:12:07,741 - downloader.py - INFO - E:\python_work\wbSpider\weibo\2640113513\video
2021-04-06 16:12:08,933 - page_parser.py - INFO - #千万不要随便烫头发# 好家伙！烫了个头连买钢丝球的钱都省下了 这钱花的 值啊！！  [组图共6张] 原图 
微博发布位置：无
发布时间：2021-04-02 09:41
发布工具：360安全浏览器
点赞数：1486
转发数：223
评论数：323
url：https://weibo.cn/comment/K90wEfNrL

2021-04-06 16:12:08,933 - page_parser.py - INFO - ----------------------------------------------------------------------------------------------------
2021-04-06 16:12:09,375 - page_parser.py - INFO - #人被逼急了能干出什么事#人被逼急了可能啥都能做出来但！数学题不行 搞笑皮哥的微博视频  
微博发布位置：无
发布时间：2021-04-01 10:44
发布工具：微博视频号
点赞数：2153
转发数：223
评论数：305
url：https://weibo.cn/comment/K8RvmA3YY

2021-04-06 16:12:09,376 - page_parser.py - INFO - ----------------------------------------------------------------------------------------------------
2021-04-06 16:12:09,729 - page_parser.py - INFO - #见过最朴素的机场# 真好朴素一机场  不看文字以为是汽车站  搞笑皮哥的微博视频  
微博发布位置：无
发布时间：2021-04-01 09:43
发布工具：微博视频号
点赞数：1404
转发数：229
评论数：332
url：https://weibo.cn/comment/K8R6BwlnK

2021-04-06 16:12:09,729 - page_parser.py - INFO - ----------------------------------------------------------------------------------------------------
2021-04-06 16:12:10,523 - page_parser.py - INFO - #耳朵进水后引发的社死现场#啊这？耳朵进水后的解决办法是再弄点书进去？？？有无人试过 管用吗  [组图共2张] 原图 
微博发布位置：无
发布时间：2021-03-31 15:11
发布工具：无
点赞数：996
转发数：216
评论数：347
url：https://weibo.cn/comment/K8JPxdT7h

2021-04-06 16:12:10,524 - page_parser.py - INFO - ----------------------------------------------------------------------------------------------------
2021-04-06 16:12:10,890 - page_parser.py - INFO - #小说里才存在的大学老师#如果我上学的时候有这么帅气的老师就好了！ 搞笑皮哥的微博视频  
微博发布位置：无
发布时间：2021-03-30 21:29
发布工具：微博视频号
点赞数：961
转发数：277
评论数：317
url：https://weibo.cn/comment/K8CSc4wxn

2021-04-06 16:12:10,891 - page_parser.py - INFO - ----------------------------------------------------------------------------------------------------
2021-04-06 16:12:11,429 - page_parser.py - INFO - #看见哥了吧 怎么还无动于衷啊# 相亲对象“自信”大赏🈶是一张张划下来想要大喊救命的程度🆘  [组图共16张] 原图 
微博发布位置：无
发布时间：2021-03-30 14:55
发布工具：无
点赞数：1571
转发数：228
评论数：355
url：https://weibo.cn/comment/K8Aij8S2Y

2021-04-06 16:12:11,429 - page_parser.py - INFO - ----------------------------------------------------------------------------------------------------
2021-04-06 16:12:11,792 - page_parser.py - INFO - #原来iphone可以称重# 温馨提示：换屏幕比买体重秤贵 不要试图自己站上去  搞笑皮哥的微博视频  
微博发布位置：无
发布时间：2021-03-30 11:34
发布工具：微博视频号
点赞数：1115
转发数：228
评论数：308
url：https://weibo.cn/comment/K8yZ2tkFN

2021-04-06 16:12:11,792 - page_parser.py - INFO - ----------------------------------------------------------------------------------------------------
2021-04-06 16:12:12,124 - page_parser.py - INFO - #李梓萌不由自主把打疫苗标语唱了出来#和所有的病毒说拜拜 和所有的疫苗say嗨嗨！每个人的身上都有苗苗  让我为你打苗苗！  搞笑皮哥的微博视频  
微博发布位置：无
发布时间：2021-03-30 09:54
发布工具：微博视频号
点赞数：1344
转发数：138
评论数：317
url：https://weibo.cn/comment/K8ykr69EF

2021-04-06 16:12:12,131 - page_parser.py - INFO - ----------------------------------------------------------------------------------------------------
2021-04-06 16:12:12,431 - page_parser.py - INFO - #假如面试时都说了实话#哈哈哈哈哈哈哈哈哈哈哈如果人人都说实话 世界将变成美好的人间  搞笑皮哥的微博视频  
微博发布位置：无
发布时间：2021-03-29 15:31
发布工具：微博视频号
点赞数：1509
转发数：244
评论数：306
url：https://weibo.cn/comment/K8r6v1rhJ

2021-04-06 16:12:12,431 - page_parser.py - INFO - ----------------------------------------------------------------------------------------------------
2021-04-06 16:12:13,011 - page_parser.py - INFO - 小朋友们的作业老师真的辛苦了！#突然体会到了老师的艰辛#  [组图共9张] 原图 
微博发布位置：无
发布时间：2021-03-29 11:20
发布工具：无
点赞数：1100
转发数：281
评论数：416
url：https://weibo.cn/comment/K8psQ9yRt

2021-04-06 16:12:13,011 - page_parser.py - INFO - ----------------------------------------------------------------------------------------------------
2021-04-06 16:12:13,011 - spider.py - INFO - ------------------------------已获取搞笑皮哥(2640113513)的第3页微博------------------------------
2021-04-06 16:12:13,033 - json_writer.py - INFO - 10条微博写入json文件完毕，保存路径：E:\python_work\wbSpider\weibo\2640113513\2640113513.json
2021-04-06 16:12:13,049 - downloader.py - INFO - 即将进行视频下载
2021-04-06 16:12:23,833 - downloader.py - INFO - 视频下载完毕,保存路径:
2021-04-06 16:12:23,833 - downloader.py - INFO - E:\python_work\wbSpider\weibo\2640113513\video
2021-04-06 16:12:25,038 - page_parser.py - INFO - #高校老师的颜值有多高#大学的美女老师真的太漂亮了这不比招生简章管用？ 搞笑皮哥的微博视频  
微博发布位置：无
发布时间：2021-03-28 22:31
发布工具：微博视频号
点赞数：2558
转发数：319
评论数：390
url：https://weibo.cn/comment/K8kqutDTJ

2021-04-06 16:12:25,038 - page_parser.py - INFO - ----------------------------------------------------------------------------------------------------
2021-04-06 16:12:25,595 - page_parser.py - INFO - #相亲对象自信发言大赏#？？？🆘是一张一张划下来想要大喊救命的程度  [组图共15张] 原图 
微博发布位置：无
发布时间：2021-03-26 21:23
发布工具：无
点赞数：1365
转发数：235
评论数：322
url：https://weibo.cn/comment/K817JyhAy

2021-04-06 16:12:25,595 - page_parser.py - INFO - ----------------------------------------------------------------------------------------------------
2021-04-06 16:12:26,059 - page_parser.py - INFO - #武警小哥哥问班长要巧克力#武警小哥哥向班长要巧克力 拿到手后笑得也太灿烂了吧！今日份治愈满分✅ 搞笑皮哥的微博视频  
微博发布位置：无
发布时间：2021-03-26 20:36
发布工具：微博视频号
点赞数：1607
转发数：254
评论数：298
url：https://weibo.cn/comment/K80OFCoaG

2021-04-06 16:12:26,059 - page_parser.py - INFO - ----------------------------------------------------------------------------------------------------
2021-04-06 16:12:26,445 - page_parser.py - INFO - #中国风水墨美甲#国风彩绘美甲也太好看了！复古又显白 搞笑皮哥的微博视频  
微博发布位置：无
发布时间：2021-03-26 20:24
发布工具：微博视频号
点赞数：1409
转发数：256
评论数：294
url：https://weibo.cn/comment/K80K4aLG0

2021-04-06 16:12:26,445 - page_parser.py - INFO - ----------------------------------------------------------------------------------------------------
2021-04-06 16:12:26,783 - page_parser.py - INFO - #小龙虾炒螺蛳粉# 小龙虾炒螺蛳粉教程🈶天呐看着也太香了 一口龙虾一口粉 口水都要出来了  搞笑皮哥的微博视频 #不可辜负的美食#  
微博发布位置：无
发布时间：2021-03-26 15:25
发布工具：微博视频号
点赞数：1603
转发数：265
评论数：321
url：https://weibo.cn/comment/K7YMDhZL3

2021-04-06 16:12:26,783 - page_parser.py - INFO - ----------------------------------------------------------------------------------------------------
2021-04-06 16:12:27,147 - page_parser.py - INFO - #新疆的服饰能有多绝#新疆维吾尔族百年来服装之美 每一套都好绝 太好看了！民族的就是世界的！ 搞笑皮哥的微博视频  
微博发布位置：无
发布时间：2021-03-25 22:58
发布工具：微博视频号
点赞数：300
转发数：65
评论数：197
url：https://weibo.cn/comment/K7SkaibDA

2021-04-06 16:12:27,147 - page_parser.py - INFO - ----------------------------------------------------------------------------------------------------
2021-04-06 16:12:27,486 - page_parser.py - INFO - #一个学校能有多大#亚洲单校区最大的大学这也太大了吧！！ 搞笑皮哥的微博视频  
微博发布位置：无
发布时间：2021-03-25 17:38
发布工具：微博视频号
点赞数：1838
转发数：329
评论数：477
url：https://weibo.cn/comment/K7Qe3jZ8X

2021-04-06 16:12:27,486 - page_parser.py - INFO - ----------------------------------------------------------------------------------------------------
2021-04-06 16:12:27,836 - page_parser.py - INFO - #不要为难打工人#  为难打工人做什么啊 这个时候去骂耐克、阿迪达斯的带货主播的是不是有那个大病  搞笑皮哥的微博视频  
微博发布位置：无
发布时间：2021-03-25 17:15
发布工具：微博视频号
点赞数：1470
转发数：235
评论数：305
url：https://weibo.cn/comment/K7Q4E4dyS

2021-04-06 16:12:27,836 - page_parser.py - INFO - ----------------------------------------------------------------------------------------------------
2021-04-06 16:12:28,191 - page_parser.py - INFO - #原来蜗牛是牙齿最多的动物# 蜗牛竟然有两万多颗牙来看看蜗牛是怎么吃东西的吧 有点可爱是怎么回事  搞笑皮哥的微博视频  
微博发布位置：无
发布时间：2021-03-25 14:16
发布工具：微博视频号
点赞数：1440
转发数：275
评论数：297
url：https://weibo.cn/comment/K7OU6Dvph

2021-04-06 16:12:28,191 - page_parser.py - INFO - ----------------------------------------------------------------------------------------------------
2021-04-06 16:12:28,510 - page_parser.py - INFO - #变形金刚摘棉花#航拍新疆千万亩机采棉！全机械操作！好壮观   搞笑皮哥的微博视频  
微博发布位置：无
发布时间：2021-03-25 11:25
发布工具：微博视频号
点赞数：1859
转发数：478
评论数：239
url：https://weibo.cn/comment/K7NMyjr1e

2021-04-06 16:12:28,510 - page_parser.py - INFO - ----------------------------------------------------------------------------------------------------
2021-04-06 16:12:28,525 - spider.py - INFO - ------------------------------已获取搞笑皮哥(2640113513)的第4页微博------------------------------
2021-04-06 16:12:28,557 - json_writer.py - INFO - 10条微博写入json文件完毕，保存路径：E:\python_work\wbSpider\weibo\2640113513\2640113513.json
2021-04-06 16:12:28,557 - downloader.py - INFO - 即将进行视频下载
2021-04-06 16:13:03,867 - downloader.py - INFO - 视频下载完毕,保存路径:
2021-04-06 16:13:03,867 - downloader.py - INFO - E:\python_work\wbSpider\weibo\2640113513\video
2021-04-06 16:13:05,287 - page_parser.py - INFO - #我们玩的都是老祖宗剩下的#果然时尚是一个轮回所以家里的老物件儿还是得留着！  [组图共9张] 原图 
微博发布位置：无
发布时间：2021-03-24 16:31
发布工具：无
点赞数：1728
转发数：411
评论数：207
url：https://weibo.cn/comment/K7Gmiilyo

2021-04-06 16:13:05,287 - page_parser.py - INFO - ----------------------------------------------------------------------------------------------------
2021-04-06 16:13:05,742 - page_parser.py - INFO - 兔八哥的英文名叫Bugs Bunny ，名字里带bug啊看一集兔八哥回忆一下童年吧#原来兔八哥是这个意思#  搞笑皮哥的微博视频  
微博发布位置：无
发布时间：2021-03-24 14:34
发布工具：微博视频号
点赞数：1617
转发数：375
评论数：529
url：https://weibo.cn/comment/K7FALBcVQ

2021-04-06 16:13:05,742 - page_parser.py - INFO - ----------------------------------------------------------------------------------------------------
2021-04-06 16:13:06,128 - page_parser.py - INFO - #我的穿衣进化史# 越来越有自己的风格 大家这几年的穿搭变化大吗 搞笑皮哥的微博视频  
微博发布位置：无
发布时间：2021-03-24 10:03
发布工具：微博视频号
点赞数：1363
转发数：344
评论数：295
url：https://weibo.cn/comment/K7DOU0VBB

2021-04-06 16:13:06,128 - page_parser.py - INFO - ----------------------------------------------------------------------------------------------------
2021-04-06 16:13:06,746 - page_parser.py - INFO - #文物可以有多可爱#文物表情包🈶 太可爱啦好形象 速来更新你的表情包图库！  [组图共16张] 原图 
微博发布位置：无
发布时间：2021-03-23 22:32
发布工具：无
点赞数：3414
转发数：758
评论数：435
url：https://weibo.cn/comment/K7ziyyFdy

2021-04-06 16:13:06,746 - page_parser.py - INFO - ----------------------------------------------------------------------------------------------------
2021-04-06 16:13:07,080 - page_parser.py - INFO - #靠喝水视频积累了100万粉丝# 好家伙 看他喝水好上头！想干一碗二锅头 搞笑皮哥的微博视频  
微博发布位置：无
发布时间：2021-03-23 17:04
发布工具：微博视频号
点赞数：1781
转发数：348
评论数：312
url：https://weibo.cn/comment/K7x9p34dr

2021-04-06 16:13:07,080 - page_parser.py - INFO - ----------------------------------------------------------------------------------------------------
2021-04-06 16:13:07,435 - page_parser.py - WARNING - 当前账号没有浏览该视频的权限
2021-04-06 16:13:07,435 - page_parser.py - INFO - #原来懒羊羊的头发是可以散开的#震惊  懒羊羊的头发竟然是可以散开的是发胶质量不好吗 搞笑皮哥的微博视频  
微博发布位置：无
发布时间：2021-03-23 15:17
发布工具：微博视频号
点赞数：2131
转发数：293
评论数：410
url：https://weibo.cn/comment/K7wrS60LX

2021-04-06 16:13:07,450 - page_parser.py - INFO - ----------------------------------------------------------------------------------------------------
2021-04-06 16:13:07,783 - page_parser.py - INFO - #突然降温后的海南街头# 欢迎收看海南街头浴袍秀 搞笑皮哥的微博视频  
微博发布位置：无
发布时间：2021-03-23 12:15
发布工具：微博视频号
点赞数：946
转发数：239
评论数：303
url：https://weibo.cn/comment/K7vfSirKX

2021-04-06 16:13:07,783 - page_parser.py - INFO - ----------------------------------------------------------------------------------------------------
2021-04-06 16:13:08,417 - page_parser.py - INFO - #小学生写给春天的诗有多可爱#小朋友和春天一样美好✨  [组图共9张] 原图 
微博发布位置：无
发布时间：2021-03-23 11:53
发布工具：无
点赞数：1362
转发数：270
评论数：310
url：https://weibo.cn/comment/K7v754fYC

2021-04-06 16:13:08,417 - page_parser.py - INFO - ----------------------------------------------------------------------------------------------------
2021-04-06 16:13:08,803 - page_parser.py - INFO - #和猫咪的X光合照#为什么会有连拍出来的x光片都可可爱爱的生物啊！搞笑皮哥的微博视频  
微博发布位置：无
发布时间：2021-03-23 10:28
发布工具：微博视频号
点赞数：1342
转发数：247
评论数：301
url：https://weibo.cn/comment/K7uyC5ri3

2021-04-06 16:13:08,803 - page_parser.py - INFO - ----------------------------------------------------------------------------------------------------
2021-04-06 16:13:09,151 - page_parser.py - INFO - #狗子专属的电视频道# 看啥呢 这么认真！我寻思差不多送孩子上个学吧 别给耽误了  搞笑皮哥的微博视频  
微博发布位置：无
发布时间：2021-03-23 09:20
发布工具：微博视频号
点赞数：1559
转发数：283
评论数：311
url：https://weibo.cn/comment/K7u6Nh1xH

2021-04-06 16:13:09,152 - page_parser.py - INFO - ----------------------------------------------------------------------------------------------------
2021-04-06 16:13:09,153 - spider.py - INFO - ------------------------------已获取搞笑皮哥(2640113513)的第5页微博------------------------------
2021-04-06 16:13:09,170 - json_writer.py - INFO - 10条微博写入json文件完毕，保存路径：E:\python_work\wbSpider\weibo\2640113513\2640113513.json
2021-04-06 16:13:09,171 - downloader.py - INFO - 即将进行视频下载
2021-04-06 16:13:45,149 - downloader.py - INFO - 视频下载完毕,保存路径:
2021-04-06 16:13:45,149 - downloader.py - INFO - E:\python_work\wbSpider\weibo\2640113513\video
2021-04-06 16:13:46,683 - page_parser.py - INFO - #美甲翻车风险有多大##美甲师看了都佩服#美甲师你睡了吗 我丑得睡不着 搞笑皮哥的微博视频  
微博发布位置：无
发布时间：2021-03-22 20:11
发布工具：微博视频号
点赞数：1822
转发数：443
评论数：319
url：https://weibo.cn/comment/K7oWwtBrG

2021-04-06 16:13:46,683 - page_parser.py - INFO - ----------------------------------------------------------------------------------------------------
2021-04-06 16:13:47,049 - page_parser.py - INFO - #像极了你干饭的生物##像极了你干饭的样子# 这只喵干饭的样子像不像平时干饭的你！ 搞笑皮哥的微博视频  
微博发布位置：无
发布时间：2021-03-22 17:47
发布工具：微博视频号
点赞数：1171
转发数：245
评论数：304
url：https://weibo.cn/comment/K7o06lbhU

2021-04-06 16:13:47,049 - page_parser.py - INFO - ----------------------------------------------------------------------------------------------------
2021-04-06 16:13:47,435 - page_parser.py - INFO - 玩大摆锤千万不要张嘴 会把魂儿叫出来#玩大摆锤千万不要张嘴# 搞笑皮哥的微博视频  
微博发布位置：无
发布时间：2021-03-22 17:36
发布工具：微博视频号
点赞数：1247
转发数：251
评论数：408
url：https://weibo.cn/comment/K7nVM2Tta

2021-04-06 16:13:47,435 - page_parser.py - INFO - ----------------------------------------------------------------------------------------------------
2021-04-06 16:13:47,789 - page_parser.py - INFO - 这和前几天看得差别有点大啊 都好好看！论帝王审美的包容性（？ 搞笑皮哥的微博视频  
微博发布位置：无
发布时间：2021-03-22 15:31
发布工具：微博视频号
点赞数：1326
转发数：384
评论数：350
url：https://weibo.cn/comment/K7n6XgdBD

2021-04-06 16:13:47,789 - page_parser.py - INFO - ----------------------------------------------------------------------------------------------------
2021-04-06 16:13:48,090 - page_parser.py - INFO - 挑战涂100遍指甲油 高手#美甲师看了都佩服# 搞笑皮哥的微博视频  
微博发布位置：无
发布时间：2021-03-22 15:13
发布工具：微博视频号
点赞数：5953
转发数：544
评论数：907
url：https://weibo.cn/comment/K7mZL3DtP

2021-04-06 16:13:48,090 - page_parser.py - INFO - ----------------------------------------------------------------------------------------------------
2021-04-06 16:13:48,506 - page_parser.py - INFO - #如果能和闺蜜过一辈子#那些要和闺蜜一起做的100件事你们打卡几件啦！ 搞笑皮哥的微博视频  
微博发布位置：无
发布时间：2021-03-22 13:43
发布工具：微博视频号
点赞数：1121
转发数：234
评论数：300
url：https://weibo.cn/comment/K7mp441nz

2021-04-06 16:13:48,506 - page_parser.py - INFO - ----------------------------------------------------------------------------------------------------
2021-04-06 16:13:51,522 - page_parser.py - INFO - 对于南方人而言，无论一秒入夏还是一天经历四季，判断进入夏天的重要标准之一：蚊子来了！不少胖友惊呼今年蚊子来得过早，还没来得及反应就收到了蚊子送的2021年春夏新款“包包”。你是如何抓住#入夏第一只蚊子# ？参与话题互动，分享你今年的首个「蚊题」，专业驱蚊杀虫品牌——超威，实力帮你搞定！关注 @超威SUPER 和 @超威贝贝健 置顶首条微博，抢驱蚊大礼包。不说了，我先去了！             [组图共9张]      原图                             
微博发布位置：无
发布时间：2021-03-22 11:20
发布工具：微博  weibo.com
点赞数：1439
转发数：271
评论数：415
url：https://weibo.cn/comment/K7lt1eY0x

2021-04-06 16:13:51,522 - page_parser.py - INFO - ----------------------------------------------------------------------------------------------------
2021-04-06 16:13:52,041 - page_parser.py - INFO - #特朗普嘲笑拜登连摔3次#🆘爆笑如雷了家人们  [组图共2张] 原图 
微博发布位置：无
发布时间：2021-03-22 10:41
发布工具：无
点赞数：1334
转发数：191
评论数：307
url：https://weibo.cn/comment/K7ldg4D9z

2021-04-06 16:13:52,041 - page_parser.py - INFO - ----------------------------------------------------------------------------------------------------
2021-04-06 16:13:52,406 - page_parser.py - INFO - #在逃公主都是自己做公主裙#这手艺我看呆了以后夸自己是在逃公主没这手艺可不行吧 搞笑皮哥的微博视频  
微博发布位置：无
发布时间：2021-03-21 23:14
发布工具：微博视频号
点赞数：21638
转发数：2011
评论数：887
url：https://weibo.cn/comment/K7gIsB9wG

2021-04-06 16:13:52,412 - page_parser.py - INFO - ----------------------------------------------------------------------------------------------------
2021-04-06 16:13:52,803 - page_parser.py - INFO - #手机壳有多容易翻车# 有的手机壳做着做着就成了别的东西… 搞笑皮哥的微博视频  
微博发布位置：无
发布时间：2021-03-21 17:37
发布工具：微博视频号
点赞数：1408
转发数：352
评论数：311
url：https://weibo.cn/comment/K7evT4BMh

2021-04-06 16:13:52,803 - page_parser.py - INFO - ----------------------------------------------------------------------------------------------------
2021-04-06 16:13:52,813 - spider.py - INFO - ------------------------------已获取搞笑皮哥(2640113513)的第6页微博------------------------------
2021-04-06 16:13:52,813 - json_writer.py - INFO - 10条微博写入json文件完毕，保存路径：E:\python_work\wbSpider\weibo\2640113513\2640113513.json
2021-04-06 16:13:52,813 - downloader.py - INFO - 即将进行视频下载
2021-04-06 16:14:24,989 - downloader.py - INFO - 视频下载完毕,保存路径:
2021-04-06 16:14:24,989 - downloader.py - INFO - E:\python_work\wbSpider\weibo\2640113513\video
2021-04-06 16:14:35,187 - page_parser.py - INFO - #职场新人听过最有用的话#“机会不会降临在什么都不做的人身上 踢足球也是这样 球只会传给一直在奔跑的人”干了这碗鸡汤！加油打工人[加油]  [组图共9张] 原图 
微博发布位置：无
发布时间：2021-03-21 14:45
发布工具：无
点赞数：1303
转发数：292
评论数：305
url：https://weibo.cn/comment/K7dnSw8bS

2021-04-06 16:14:35,187 - page_parser.py - INFO - ----------------------------------------------------------------------------------------------------
2021-04-06 16:14:35,758 - page_parser.py - INFO - 你装修的房子vs爸妈装修的房子#祖孙三代的审美差异# 搞笑皮哥的微博视频  
微博发布位置：无
发布时间：2021-03-21 10:50
发布工具：微博视频号
点赞数：1380
转发数：402
评论数：415
url：https://weibo.cn/comment/K7bQxuK1p

2021-04-06 16:14:35,758 - page_parser.py - INFO - ----------------------------------------------------------------------------------------------------
2021-04-06 16:14:36,089 - page_parser.py - INFO - 喜庆！就要最喜庆的那个！！！（发出乾隆的声音#祖孙三代的审美差异# 搞笑皮哥的微博视频  
微博发布位置：无
发布时间：2021-03-21 10:46
发布工具：微博视频号
点赞数：1390
转发数：239
评论数：301
url：https://weibo.cn/comment/K7bORv3KK

2021-04-06 16:14:36,089 - page_parser.py - INFO - ----------------------------------------------------------------------------------------------------
2021-04-06 16:14:36,429 - page_parser.py - INFO - 大碴子味儿都要溢出屏幕了哈哈哈，为了薅羊毛真是下（bu）功（ze）夫（shou）了（duan）。就#怎么利用朋友赚1000元#的问题上，你是不是也遇到过类似的问题？这边建议开堂讲课呢！妈妈的备注也成功吸引了我的注意，太有想法了哈哈哈。跟着大哥一起抢#点淘红包雨#当时我就震惊的不行了的优酷视频  
微博发布位置：无
发布时间：2021-03-20 18:30
发布工具：微博视频号
点赞数：1251
转发数：214
评论数：347
url：https://weibo.cn/comment/K75qz1uYk

2021-04-06 16:14:36,429 - page_parser.py - INFO - ----------------------------------------------------------------------------------------------------
2021-04-06 16:14:36,777 - page_parser.py - INFO - #当两个社恐成为了室友#🆘当社恐遇见社恐……满脑子都是那个救救我的bgm 搞笑皮哥的微博视频  
微博发布位置：无
发布时间：2021-03-20 11:43
发布工具：微博视频号
点赞数：1371
转发数：238
评论数：312
url：https://weibo.cn/comment/K72LwsY9O

2021-04-06 16:14:36,777 - page_parser.py - INFO - ----------------------------------------------------------------------------------------------------
2021-04-06 16:14:37,181 - page_parser.py - INFO - #真正的脑袋被门夹了#或许大家见过脑袋卡在墙上的小猫咪吗 搞笑皮哥的微博视频  
微博发布位置：无
发布时间：2021-03-19 23:54
发布工具：微博视频号
点赞数：1691
转发数：352
评论数：492
url：https://weibo.cn/comment/K6Y7Gv1H2

2021-04-06 16:14:37,181 - page_parser.py - INFO - ----------------------------------------------------------------------------------------------------
2021-04-06 16:14:37,698 - page_parser.py - INFO - #女子打110点小龙虾要求加辣#为这位接警员点赞职业敏感性真的很强！  [组图共13张] 原图 
微博发布位置：无
发布时间：2021-03-19 14:43
发布工具：无
点赞数：925
转发数：227
评论数：285
url：https://weibo.cn/comment/K6UvTE5Xl

2021-04-06 16:14:37,714 - page_parser.py - INFO - ----------------------------------------------------------------------------------------------------
2021-04-06 16:14:38,341 - page_parser.py - INFO - #美工人美工魂# 哈哈哈哈哈哈哈哈哈哈🆘我也好想认识这位p图大师  [组图共6张] 原图 
微博发布位置：无
发布时间：2021-03-19 12:05
发布工具：无
点赞数：1604
转发数：243
评论数：313
url：https://weibo.cn/comment/K6Tu3w5ay

2021-04-06 16:14:38,341 - page_parser.py - INFO - ----------------------------------------------------------------------------------------------------
2021-04-06 16:14:38,688 - page_parser.py - INFO - #很贵但绝对很值的东西# 网友盘点的那些贵但是好用的东西有你真香的吗 搞笑皮哥的微博视频  
微博发布位置：无
发布时间：2021-03-19 09:51
发布工具：微博视频号
点赞数：1844
转发数：538
评论数：441
url：https://weibo.cn/comment/K6SBLkM5f

2021-04-06 16:14:38,688 - page_parser.py - INFO - ----------------------------------------------------------------------------------------------------
2021-04-06 16:14:38,989 - page_parser.py - INFO - #当小朋友走累了# 当小朋友走累了 就有jiojio可以坐着歇歇 搞笑皮哥的微博视频  
微博发布位置：无
发布时间：2021-03-18 12:17
发布工具：微博视频号
点赞数：2131
转发数：470
评论数：487
url：https://weibo.cn/comment/K6K8t78VN

2021-04-06 16:14:38,989 - page_parser.py - INFO - ----------------------------------------------------------------------------------------------------
2021-04-06 16:14:38,989 - spider.py - INFO - ------------------------------已获取搞笑皮哥(2640113513)的第7页微博------------------------------
2021-04-06 16:14:39,005 - json_writer.py - INFO - 10条微博写入json文件完毕，保存路径：E:\python_work\wbSpider\weibo\2640113513\2640113513.json
2021-04-06 16:14:39,005 - downloader.py - INFO - 即将进行视频下载
2021-04-06 16:14:53,946 - downloader.py - INFO - 视频下载完毕,保存路径:
2021-04-06 16:14:53,946 - downloader.py - INFO - E:\python_work\wbSpider\weibo\2640113513\video
2021-04-06 16:15:02,328 - page_parser.py - INFO - #第一次去健身房就被嘲笑了#女孩健身房被嘲笑 看大姐正义出击 搞笑皮哥的微博视频  
微博发布位置：无
发布时间：2021-03-18 11:37
发布工具：微博视频号
点赞数：935
转发数：234
评论数：297
url：https://weibo.cn/comment/K6JRXsAhB

2021-04-06 16:15:02,328 - page_parser.py - INFO - ----------------------------------------------------------------------------------------------------
2021-04-06 16:15:02,887 - page_parser.py - INFO - #像极了假名字的名字#我觉得叫王者荣耀和房东的赢了你呢  [组图共10张] 原图 
微博发布位置：无
发布时间：2021-03-17 14:53
发布工具：无
点赞数：639
转发数：233
评论数：316
url：https://weibo.cn/comment/K6BJ5pS81

2021-04-06 16:15:02,887 - page_parser.py - INFO - ----------------------------------------------------------------------------------------------------
2021-04-06 16:15:03,708 - page_parser.py - INFO - 那完啦 我每天都在#带薪难过#   [组图共9张] 原图 
微博发布位置：无
发布时间：2021-03-17 14:08
发布工具：无
点赞数：1484
转发数：244
评论数：302
url：https://weibo.cn/comment/K6BqSoHcV

2021-04-06 16:15:03,708 - page_parser.py - INFO - ----------------------------------------------------------------------------------------------------
2021-04-06 16:15:04,483 - page_parser.py - INFO - #杀破猫# 猫大将军 能打 搞笑皮哥的微博视频  
微博发布位置：无
发布时间：2021-03-17 09:44
发布工具：微博视频号
点赞数：1338
转发数：387
评论数：405
url：https://weibo.cn/comment/K6zHHkZtf

2021-04-06 16:15:04,483 - page_parser.py - INFO - ----------------------------------------------------------------------------------------------------
2021-04-06 16:15:05,016 - page_parser.py - INFO - #烫发翻车现场# 好家伙这是烫出来个钢丝球？？？  [组图共6张] 原图 
微博发布位置：无
发布时间：2021-03-16 14:13
发布工具：微博 weibo.com
点赞数：1079
转发数：353
评论数：335
url：https://weibo.cn/comment/K6s2xjGtp

2021-04-06 16:15:05,016 - page_parser.py - INFO - ----------------------------------------------------------------------------------------------------
2021-04-06 16:15:05,404 - page_parser.py - INFO - #怀疑东北人天生就会唠嗑# 哈哈哈哈哈哈哈哈哈哈好会唠嗑的小娃娃太可爱了！    搞笑皮哥的微博视频  
微博发布位置：无
发布时间：2021-03-15 15:02
发布工具：微博视频号
点赞数：725
转发数：246
评论数：318
url：https://weibo.cn/comment/K6iVE9asl

2021-04-06 16:15:05,404 - page_parser.py - INFO - ----------------------------------------------------------------------------------------------------
2021-04-06 16:15:05,921 - page_parser.py - INFO - #什么叫表演用力过猛#再看还珠 有被蒙丹吓到 真·好用力的表演  [组图共5张] 原图 
微博发布位置：无
发布时间：2021-03-14 22:39
发布工具：无
点赞数：23035
转发数：285
评论数：546
url：https://weibo.cn/comment/K6cuN0Uka

2021-04-06 16:15:05,921 - page_parser.py - INFO - ----------------------------------------------------------------------------------------------------
2021-04-06 16:15:06,261 - page_parser.py - INFO - #干饭的最高境界# 一口面一口风我愿称其为2021年度干饭王 搞笑皮哥的微博视频  
微博发布位置：无
发布时间：2021-03-13 22:34
发布工具：微博视频号
点赞数：993
转发数：256
评论数：315
url：https://weibo.cn/comment/K632s6iS5

2021-04-06 16:15:06,261 - page_parser.py - INFO - ----------------------------------------------------------------------------------------------------
2021-04-06 16:15:06,594 - page_parser.py - INFO - #美骊焕新 赵晓卉# #赵晓卉新作，比淘汰感言还精彩#冻屁股的冰封王座留给犯错的男朋友，自己享受#骊住24小时美骊焕新# ，装一个比男朋友温暖多了的骊住的智能马桶就满足了~   搞笑皮哥的微博视频  
微博发布位置：无
发布时间：2021-03-12 18:10
发布工具：微博视频号
点赞数：3125
转发数：998
评论数：843
url：https://weibo.cn/comment/K5RStldA4

2021-04-06 16:15:06,594 - page_parser.py - INFO - ----------------------------------------------------------------------------------------------------
2021-04-06 16:15:07,114 - page_parser.py - INFO - #蚊子终于遇到对手了# 这个博主每天都在与蚊子作斗争 掌握了灭掉蚊子的N种方法我愿称他为“灭蚊大师”  搞笑皮哥的微博视频  
微博发布位置：无
发布时间：2021-03-12 17:00
发布工具：微博视频号
点赞数：1636
转发数：238
评论数：299
url：https://weibo.cn/comment/K5Rqd6lOa

2021-04-06 16:15:07,114 - page_parser.py - INFO - ----------------------------------------------------------------------------------------------------
2021-04-06 16:15:07,114 - spider.py - INFO - ------------------------------已获取搞笑皮哥(2640113513)的第8页微博------------------------------
2021-04-06 16:15:07,145 - json_writer.py - INFO - 10条微博写入json文件完毕，保存路径：E:\python_work\wbSpider\weibo\2640113513\2640113513.json
2021-04-06 16:15:07,145 - downloader.py - INFO - 即将进行视频下载
2021-04-06 16:15:19,653 - downloader.py - INFO - 视频下载完毕,保存路径:
2021-04-06 16:15:19,653 - downloader.py - INFO - E:\python_work\wbSpider\weibo\2640113513\video
2021-04-06 16:15:21,063 - page_parser.py - INFO - 我们不是胖 只是可爱到膨胀！#人类幼崽的jiojio有多可爱# 搞笑皮哥的微博视频  
微博发布位置：无
发布时间：2021-03-12 15:35
发布工具：微博视频号
点赞数：1521
转发数：243
评论数：315
url：https://weibo.cn/comment/K5QRE8vyv

2021-04-06 16:15:21,063 - page_parser.py - INFO - ----------------------------------------------------------------------------------------------------
2021-04-06 16:15:21,448 - page_parser.py - INFO - “猫把男朋友咬了 所以不得不把他送走”❗️看完！有反转！ 搞笑皮哥的微博视频  
微博发布位置：无
发布时间：2021-03-11 17:31
发布工具：微博视频号
点赞数：920
转发数：234
评论数：265
url：https://weibo.cn/comment/K5IcsjAiW

2021-04-06 16:15:21,464 - page_parser.py - INFO - ----------------------------------------------------------------------------------------------------
2021-04-06 16:15:21,834 - page_parser.py - INFO - 有的猫表面上是只猫 实际上... 搞笑皮哥的微博视频  
微博发布位置：无
发布时间：2021-03-11 16:06
发布工具：微博视频号
点赞数：929
转发数：241
评论数：295
url：https://weibo.cn/comment/K5HDGusho

2021-04-06 16:15:21,834 - page_parser.py - INFO - ----------------------------------------------------------------------------------------------------
2021-04-06 16:15:22,583 - page_parser.py - INFO - 如何打败凡尔赛：  [组图共3张] 原图 
微博发布位置：无
发布时间：2021-03-10 23:37
发布工具：无
点赞数：548
转发数：209
评论数：206
url：https://weibo.cn/comment/K5Bad5tpD

2021-04-06 16:15:22,583 - page_parser.py - INFO - ----------------------------------------------------------------------------------------------------
2021-04-06 16:15:23,100 - page_parser.py - INFO - 妈妈初恋找她说：想你了 妈妈的回复哈哈哈哈我真的笑晕！cr 评论配图  [组图共3张] 原图 
微博发布位置：无
发布时间：2021-03-10 23:37
发布工具：无
点赞数：938
转发数：231
评论数：306
url：https://weibo.cn/comment/K5Baca1Fu

2021-04-06 16:15:23,100 - page_parser.py - INFO - ----------------------------------------------------------------------------------------------------
2021-04-06 16:15:23,440 - page_parser.py - INFO - #感觉眼睛被欺骗了# 或许这就是魔法吧  搞笑皮哥的微博视频  
微博发布位置：无
发布时间：2021-03-10 10:39
发布工具：微博视频号
点赞数：1001
转发数：256
评论数：313
url：https://weibo.cn/comment/K5w4tl1o7

2021-04-06 16:15:23,440 - page_parser.py - INFO - ----------------------------------------------------------------------------------------------------
2021-04-06 16:15:23,803 - page_parser.py - INFO - #为什么说中文是地狱难度# 知识 只是 芝士 执事...傻傻分不清楚 搞笑皮哥的微博视频  
微博发布位置：无
发布时间：2021-03-10 09:49
发布工具：微博视频号
点赞数：969
转发数：238
评论数：308
url：https://weibo.cn/comment/K5vKiy4Cg

2021-04-06 16:15:23,803 - page_parser.py - INFO - ----------------------------------------------------------------------------------------------------
2021-04-06 16:15:24,389 - page_parser.py - INFO - #最近看基金的感觉#绿水青山带走了你的金山银山  [组图共9张] 原图 
微博发布位置：无
发布时间：2021-03-09 17:45
发布工具：无
点赞数：842
转发数：212
评论数：207
url：https://weibo.cn/comment/K5pra5Ad9

2021-04-06 16:15:24,389 - page_parser.py - INFO - ----------------------------------------------------------------------------------------------------
2021-04-06 16:15:24,994 - page_parser.py - INFO - #拥有多少资产才算财务自由# 自信点把如果去掉迎财神壁纸🈶祝大家早日资产过亿！！！  [组图共9张] 原图 
微博发布位置：无
发布时间：2021-03-09 11:08
发布工具：无
点赞数：1331
转发数：214
评论数：301
url：https://weibo.cn/comment/K5mPYz6pu

2021-04-06 16:15:24,994 - page_parser.py - INFO - ----------------------------------------------------------------------------------------------------
2021-04-06 16:15:25,832 - page_parser.py - INFO - #这才是心有鱼而力不足# 捕鱼高手没在怕的  搞笑皮哥的微博视频  
微博发布位置：无
发布时间：2021-03-09 10:14
发布工具：微博视频号
点赞数：907
转发数：230
评论数：268
url：https://weibo.cn/comment/K5mu4oKgW

2021-04-06 16:15:25,832 - page_parser.py - INFO - ----------------------------------------------------------------------------------------------------
2021-04-06 16:15:25,832 - spider.py - INFO - ------------------------------已获取搞笑皮哥(2640113513)的第9页微博------------------------------
2021-04-06 16:15:25,854 - json_writer.py - INFO - 10条微博写入json文件完毕，保存路径：E:\python_work\wbSpider\weibo\2640113513\2640113513.json
2021-04-06 16:15:25,854 - downloader.py - INFO - 即将进行视频下载
2021-04-06 16:15:41,374 - downloader.py - INFO - 视频下载完毕,保存路径:
2021-04-06 16:15:41,374 - downloader.py - INFO - E:\python_work\wbSpider\weibo\2640113513\video
2021-04-06 16:15:44,924 - page_parser.py - INFO - #点淘女王节##薇娅吴昕直播#今晚薇娅直播间，啥也不想买！就想买吴昕手上的假发片！假发片这已经不止是女明星新式“争奇斗艳利器“,这年头假发片才能给足你安全感 , 发片一戴谁都不爱! 妈妈再也不用担心我们是秃头宝贝啦 ,除了增加发量,女孩们还能随意切换什么法式、空气刘海,真的很方便!! 又是一个人类伟大的发明啊!!             [组图共3张]      原图                             
微博发布位置：无
发布时间：2021-03-08 22:05
发布工具：微博  weibo.com
点赞数：2124
转发数：1244
评论数：124
url：https://weibo.cn/comment/K5hHSbz9u

2021-04-06 16:15:44,924 - page_parser.py - INFO - ----------------------------------------------------------------------------------------------------
2021-04-06 16:15:45,457 - page_parser.py - INFO - #定制蛋糕翻车风险有多大# 哈哈哈哈哈哈哈哈哈哈理想与现实之间的差距  [组图共9张] 原图 
微博发布位置：无
发布时间：2021-03-08 21:50
发布工具：无
点赞数：1445
转发数：222
评论数：282
url：https://weibo.cn/comment/K5hBOB9wH

2021-04-06 16:15:45,457 - page_parser.py - INFO - ----------------------------------------------------------------------------------------------------
2021-04-06 16:15:45,805 - page_parser.py - INFO - 鱼：再见了妈妈 今晚我就要成为盘中餐 搞笑皮哥的微博视频  
微博发布位置：无
发布时间：2021-03-08 17:03
发布工具：微博视频号
点赞数：902
转发数：228
评论数：268
url：https://weibo.cn/comment/K5fJjj5mn

2021-04-06 16:15:45,805 - page_parser.py - INFO - ----------------------------------------------------------------------------------------------------
2021-04-06 16:15:46,195 - page_parser.py - INFO - 狗:我是犯了天条了吗 搞笑皮哥的微博视频  
微博发布位置：无
发布时间：2021-03-08 16:22
发布工具：微博视频号
点赞数：728
转发数：230
评论数：389
url：https://weibo.cn/comment/K5fsM2cb7

2021-04-06 16:15:46,196 - page_parser.py - INFO - ----------------------------------------------------------------------------------------------------
2021-04-06 16:15:46,523 - page_parser.py - INFO - 你这个猫咋不讲武德 #要做一个有礼貌的猫# 知道吗！ 搞笑皮哥的微博视频  
微博发布位置：无
发布时间：2021-03-08 10:18
发布工具：微博视频号
点赞数：641
转发数：244
评论数：288
url：https://weibo.cn/comment/K5d4SwHXk

2021-04-06 16:15:46,523 - page_parser.py - INFO - ----------------------------------------------------------------------------------------------------
2021-04-06 16:15:46,846 - page_parser.py - INFO - #医院里最硬核的大爷##这该死的老年魅力# 公园里的大爷申请出战[加油] 搞笑皮哥的微博视频  
微博发布位置：无
发布时间：2021-03-07 11:50
发布工具：微博视频号
点赞数：1052
转发数：260
评论数：320
url：https://weibo.cn/comment/K54g75s6O

2021-04-06 16:15:46,846 - page_parser.py - INFO - ----------------------------------------------------------------------------------------------------
2021-04-06 16:15:48,181 - page_parser.py - INFO - #当客服到底有多难#哈哈哈当买家有时候也挺难 客服能有什么坏心眼呢  [组图共11张] 原图 
微博发布位置：无
发布时间：2021-03-07 11:04
发布工具：无
点赞数：2517
转发数：274
评论数：642
url：https://weibo.cn/comment/K53XooRCT

2021-04-06 16:15:48,181 - page_parser.py - INFO - ----------------------------------------------------------------------------------------------------
2021-04-06 16:15:48,698 - page_parser.py - INFO - #听过最凡尔赛的名字#我觉得叫王者荣耀和房东的赢了你呢  [组图共10张] 原图 
微博发布位置：无
发布时间：2021-03-07 09:38
发布工具：无
点赞数：1782
转发数：284
评论数：417
url：https://weibo.cn/comment/K53ol3gwV

2021-04-06 16:15:48,698 - page_parser.py - INFO - ----------------------------------------------------------------------------------------------------
2021-04-06 16:15:49,115 - page_parser.py - INFO - 小干脆面能有什么坏心眼呢 搞笑皮哥的微博视频  
微博发布位置：无
发布时间：2021-03-06 22:55
发布工具：微博视频号
点赞数：664
转发数：229
评论数：272
url：https://weibo.cn/comment/K4ZbpwFxB

2021-04-06 16:15:49,115 - page_parser.py - INFO - ----------------------------------------------------------------------------------------------------
2021-04-06 16:15:49,988 - page_parser.py - INFO - #手机秒表竟开了441天#恕我直言 我觉得秒表走了400多天不算啥 因为👇  [组图共4张] 原图 
微博发布位置：无
发布时间：2021-03-06 22:47
发布工具：无
点赞数：1279
转发数：229
评论数：297
url：https://weibo.cn/comment/K4Z7Y7IBY

2021-04-06 16:15:50,004 - page_parser.py - INFO - ----------------------------------------------------------------------------------------------------
2021-04-06 16:15:50,004 - spider.py - INFO - ------------------------------已获取搞笑皮哥(2640113513)的第10页微博------------------------------
2021-04-06 16:15:50,019 - json_writer.py - INFO - 10条微博写入json文件完毕，保存路径：E:\python_work\wbSpider\weibo\2640113513\2640113513.json
2021-04-06 16:15:50,019 - downloader.py - INFO - 即将进行视频下载
2021-04-06 16:15:54,626 - downloader.py - INFO - 视频下载完毕,保存路径:
2021-04-06 16:15:54,627 - downloader.py - INFO - E:\python_work\wbSpider\weibo\2640113513\video
2021-04-06 16:15:55,218 - page_parser.py - INFO - #美骊焕新 赵晓卉# #赵晓卉新作，比淘汰感言还精彩# 二环的房子太空旷，加热的马桶才有温度。。哈哈哈哈哈笑死。吐槽卫浴都能这么好笑，全程高能啊！同时种草#骊住24小时美骊焕新# 了，我家的卫浴的确也像晓卉说的这样，什么时候来一次卫浴大焕新吧！http://t.cn/A6tCEKNq  
微博发布位置：无
发布时间：2021-03-05 22:00
发布工具：微博视频号
点赞数：3088
转发数：818
评论数：846
url：https://weibo.cn/comment/K4Popz2mE

2021-04-06 16:15:55,218 - page_parser.py - INFO - ----------------------------------------------------------------------------------------------------
2021-04-06 16:15:55,706 - page_parser.py - INFO - #后期修图中的截图魅力#换个角度世界真的不一样哎✨  [组图共9张] 原图 
微博发布位置：无
发布时间：2021-03-05 09:43
发布工具：无
点赞数：1198
转发数：221
评论数：207
url：https://weibo.cn/comment/K4Kzor3l4

2021-04-06 16:15:55,707 - page_parser.py - INFO - ----------------------------------------------------------------------------------------------------
2021-04-06 16:15:56,087 - page_parser.py - INFO - 吓死我了！！小猫咪跳起来那一下我腿都软了 搞笑皮哥的微博视频  
微博发布位置：无
发布时间：2021-03-04 16:20
发布工具：微博视频号
点赞数：1074
转发数：267
评论数：309
url：https://weibo.cn/comment/K4DJVlhSS

2021-04-06 16:15:56,088 - page_parser.py - INFO - ----------------------------------------------------------------------------------------------------
2021-04-06 16:15:56,409 - page_parser.py - INFO - 🐶：别想拽动我🤨 搞笑皮哥的微博视频  
微博发布位置：无
发布时间：2021-03-04 16:02
发布工具：微博视频号
点赞数：912
转发数：237
评论数：285
url：https://weibo.cn/comment/K4DCDxRm1

2021-04-06 16:15:56,410 - page_parser.py - INFO - ----------------------------------------------------------------------------------------------------
2021-04-06 16:15:56,747 - page_parser.py - INFO - #为脱发而做的准备# 脱发并不可怕 做自己的假发生产者 搞笑皮哥的微博视频  
微博发布位置：无
发布时间：2021-03-03 11:05
发布工具：微博视频号
点赞数：850
转发数：200
评论数：317
url：https://weibo.cn/comment/K4sfR8HeN

2021-04-06 16:15:56,747 - page_parser.py - INFO - ----------------------------------------------------------------------------------------------------
2021-04-06 16:15:57,306 - page_parser.py - INFO - 从正面看好威风的铠甲 镜头转到侧面  我缓缓打出一个？  搞笑皮哥的微博视频  
微博发布位置：无
发布时间：2021-03-02 17:48
发布工具：微博视频号
点赞数：1206
转发数：251
评论数：309
url：https://weibo.cn/comment/K4lsSx2K6

2021-04-06 16:15:57,306 - page_parser.py - INFO - ----------------------------------------------------------------------------------------------------
2021-04-06 16:15:57,738 - page_parser.py - INFO - 懒到了极致 这不就是放假躺床上懒得顾涌的我们吗 搞笑皮哥的微博视频  
微博发布位置：无
发布时间：2021-03-01 16:36
发布工具：搞笑超话
点赞数：926
转发数：238
评论数：278
url：https://weibo.cn/comment/K4byRuX3b

2021-04-06 16:15:57,738 - page_parser.py - INFO - ----------------------------------------------------------------------------------------------------
2021-04-06 16:15:58,077 - page_parser.py - INFO - 是你妈妈给你扎的冲天辫吗 搞笑皮哥的微博视频  
微博发布位置：无
发布时间：2021-02-28 22:32
发布工具：微博视频号
点赞数：1145
转发数：233
评论数：302
url：https://weibo.cn/comment/K44t6ailc

2021-04-06 16:15:58,077 - page_parser.py - INFO - ----------------------------------------------------------------------------------------------------
2021-04-06 16:15:58,643 - page_parser.py - INFO - #连微信新表情都戒烟了#好家伙 爷青结你最常用的表情还在吗！  [组图共3张] 原图 
微博发布位置：无
发布时间：2021-02-27 22:11
发布工具：无
点赞数：907
转发数：219
评论数：255
url：https://weibo.cn/comment/K3UTOpWns

2021-04-06 16:15:58,643 - page_parser.py - INFO - ----------------------------------------------------------------------------------------------------
2021-04-06 16:15:59,484 - page_parser.py - INFO - 人生能有几多愁 恰似钢管卡猫头 搞笑皮哥的微博视频  
微博发布位置：无
发布时间：2021-02-26 16:07
发布工具：搞笑超话
点赞数：943
转发数：230
评论数：293
url：https://weibo.cn/comment/K3J5RAHzW

2021-04-06 16:15:59,484 - page_parser.py - INFO - ----------------------------------------------------------------------------------------------------
2021-04-06 16:15:59,484 - spider.py - INFO - ------------------------------已获取搞笑皮哥(2640113513)的第11页微博------------------------------
2021-04-06 16:15:59,516 - json_writer.py - INFO - 10条微博写入json文件完毕，保存路径：E:\python_work\wbSpider\weibo\2640113513\2640113513.json
2021-04-06 16:15:59,516 - downloader.py - INFO - 即将进行视频下载
2021-04-06 16:16:11,237 - downloader.py - INFO - 视频下载完毕,保存路径:
2021-04-06 16:16:11,237 - downloader.py - INFO - E:\python_work\wbSpider\weibo\2640113513\video
2021-04-06 16:16:12,864 - page_parser.py - INFO - 食物面前 友谊第二 搞笑皮哥的微博视频  
微博发布位置：无
发布时间：2021-02-26 15:58
发布工具：搞笑超话
点赞数：898
转发数：223
评论数：259
url：https://weibo.cn/comment/K3J2gb8nv

2021-04-06 16:16:12,865 - page_parser.py - INFO - ----------------------------------------------------------------------------------------------------
2021-04-06 16:16:13,423 - page_parser.py - INFO - 一直以为这只猫的嘴是这样的😲结果人家自带表情包特效？？？ 搞笑皮哥的微博视频  
微博发布位置：无
发布时间：2021-02-26 14:10
发布工具：搞笑超话
点赞数：931
转发数：237
评论数：273
url：https://weibo.cn/comment/K3IkovMa6

2021-04-06 16:16:13,424 - page_parser.py - INFO - ----------------------------------------------------------------------------------------------------
2021-04-06 16:16:13,898 - page_parser.py - INFO - #考研成绩#查分前领取好运！祝大家初试稳过 成功上岸🙏🙏🙏  [组图共9张] 原图 
微博发布位置：无
发布时间：2021-02-26 10:11
发布工具：无
点赞数：660
转发数：248
评论数：202
url：https://weibo.cn/comment/K3GLgo9LC

2021-04-06 16:16:13,899 - page_parser.py - INFO - ----------------------------------------------------------------------------------------------------
2021-04-06 16:16:14,577 - page_parser.py - INFO - 快别说了 看把孩子愁的 搞笑皮哥的微博视频  
微博发布位置：无
发布时间：2021-02-25 15:09
发布工具：微博视频号
点赞数：646
转发数：151
评论数：224
url：https://weibo.cn/comment/K3zhIaYTP

2021-04-06 16:16:14,578 - page_parser.py - INFO - ----------------------------------------------------------------------------------------------------
2021-04-06 16:16:15,139 - page_parser.py - INFO - 啊哈哈哈 ！全自动扫地喵～ 搞笑皮哥的微博视频  
微博发布位置：无
发布时间：2021-02-24 16:05
发布工具：搞笑超话
点赞数：948
转发数：227
评论数：280
url：https://weibo.cn/comment/K3qe5aFhC

2021-04-06 16:16:15,140 - page_parser.py - INFO - ----------------------------------------------------------------------------------------------------
2021-04-06 16:16:15,574 - page_parser.py - INFO - 魂在天上飞 人在地上追这风筝在天上抖的时候我承认我怕了… 搞笑皮哥的微博视频  
微博发布位置：无
发布时间：2021-02-24 12:03
发布工具：微博视频号
点赞数：1252
转发数：239
评论数：273
url：https://weibo.cn/comment/K3oDxcRqV

2021-04-06 16:16:15,575 - page_parser.py - INFO - ----------------------------------------------------------------------------------------------------
2021-04-06 16:16:15,579 - page_parser.py - INFO - #原来孙悟空的仙气是烟雾#唐僧，二手烟受害者  原图 
微博发布位置：无
发布时间：2021-02-24 11:39
发布工具：无
点赞数：1351
转发数：250
评论数：272
url：https://weibo.cn/comment/K3ou20jRr

2021-04-06 16:16:15,580 - page_parser.py - INFO - ----------------------------------------------------------------------------------------------------
2021-04-06 16:16:15,895 - page_parser.py - INFO - 绝了这只喵 是可以在广场舞领域独领风骚的程度！[加油] 搞笑皮哥的微博视频  
微博发布位置：无
发布时间：2021-02-23 15:59
发布工具：搞笑超话
点赞数：1226
转发数：226
评论数：267
url：https://weibo.cn/comment/K3gL1BCul

2021-04-06 16:16:15,896 - page_parser.py - INFO - ----------------------------------------------------------------------------------------------------
2021-04-06 16:16:16,223 - page_parser.py - INFO - 🐶：我开心了  我装的 搞笑皮哥的微博视频  
微博发布位置：无
发布时间：2021-02-23 15:38
发布工具：搞笑超话
点赞数：635
转发数：229
评论数：267
url：https://weibo.cn/comment/K3gCxFgii

2021-04-06 16:16:16,224 - page_parser.py - INFO - ----------------------------------------------------------------------------------------------------
2021-04-06 16:16:16,621 - page_parser.py - INFO - 整挺好 抓去拍苦情戏吧！ 搞笑皮哥的微博视频  
微博发布位置：无
发布时间：2021-02-23 14:28
发布工具：微博视频号
点赞数：1292
转发数：238
评论数：271
url：https://weibo.cn/comment/K3ga94Bx9

2021-04-06 16:16:16,622 - page_parser.py - INFO - ----------------------------------------------------------------------------------------------------
2021-04-06 16:16:16,623 - spider.py - INFO - ------------------------------已获取搞笑皮哥(2640113513)的第12页微博------------------------------
2021-04-06 16:16:16,745 - json_writer.py - INFO - 10条微博写入json文件完毕，保存路径：E:\python_work\wbSpider\weibo\2640113513\2640113513.json
2021-04-06 16:16:16,746 - downloader.py - INFO - 即将进行视频下载
2021-04-06 16:16:24,251 - downloader.py - INFO - 视频下载完毕,保存路径:
2021-04-06 16:16:24,252 - downloader.py - INFO - E:\python_work\wbSpider\weibo\2640113513\video
2021-04-06 16:16:31,439 - page_parser.py - INFO - #去滑雪学会了后空翻# 哈哈哈哈哈哈哈一提滑雪我就想起了这位直接滑出社死现场的小姐姐  搞笑皮哥的微博视频  
微博发布位置：无
发布时间：2021-02-22 17:13
发布工具：微博视频号
点赞数：614
转发数：231
评论数：247
url：https://weibo.cn/comment/K37OD8Kvz

2021-04-06 16:16:31,440 - page_parser.py - INFO - ----------------------------------------------------------------------------------------------------
2021-04-06 16:16:31,793 - page_parser.py - INFO - 或许你见过孔雀感冒吗好家伙这不比孔雀开屏有开头 搞笑皮哥的微博视频  
微博发布位置：无
发布时间：2021-02-22 16:59
发布工具：搞笑超话
点赞数：1160
转发数：232
评论数：269
url：https://weibo.cn/comment/K37ILi6di

2021-04-06 16:16:31,794 - page_parser.py - INFO - ----------------------------------------------------------------------------------------------------
2021-04-06 16:16:32,373 - page_parser.py - INFO - 打败凡尔赛的唯一方法就是凡出天际 不走寻常路[加油]  [组图共3张] 原图 
微博发布位置：无
发布时间：2021-02-22 15:28
发布工具：搞笑超话
点赞数：1207
转发数：265
评论数：282
url：https://weibo.cn/comment/K377Vw3Fl

2021-04-06 16:16:32,374 - page_parser.py - INFO - ----------------------------------------------------------------------------------------------------
2021-04-06 16:16:32,883 - page_parser.py - INFO - 速来欣赏小猫咪的翘臀！ 搞笑皮哥的微博视频  
微博发布位置：无
发布时间：2021-02-22 11:02
发布工具：搞笑超话
点赞数：1222
转发数：244
评论数：314
url：https://weibo.cn/comment/K35nP8XBl

2021-04-06 16:16:32,884 - page_parser.py - INFO - ----------------------------------------------------------------------------------------------------
2021-04-06 16:16:33,423 - page_parser.py - INFO - #搞笑[超话]#狗尾巴花～纯手工编制 搞笑皮哥的微博视频  
微博发布位置：无
发布时间：2021-02-21 21:53
发布工具：微博视频号
点赞数：1051
转发数：257
评论数：272
url：https://weibo.cn/comment/K30dGmrb9

2021-04-06 16:16:33,424 - page_parser.py - INFO - ----------------------------------------------------------------------------------------------------
2021-04-06 16:16:33,834 - page_parser.py - INFO - #搞笑[超话]#当萨摩耶穿上黑丝袜[允悲]小狗也可以性感和可爱 搞笑皮哥的微博视频  
微博发布位置：无
发布时间：2021-02-21 11:59
发布工具：微博视频号
点赞数：1461
转发数：276
评论数：354
url：https://weibo.cn/comment/K2WkGcD96

2021-04-06 16:16:33,835 - page_parser.py - INFO - ----------------------------------------------------------------------------------------------------
2021-04-06 16:16:34,225 - page_parser.py - INFO - #搞笑[超话]#全网寻找第二个鼻孔这么灵活的人儿！ 搞笑皮哥的微博视频  
微博发布位置：无
发布时间：2021-02-21 11:46
发布工具：微博视频号
点赞数：1180
转发数：258
评论数：294
url：https://weibo.cn/comment/K2WfayURW

2021-04-06 16:16:34,226 - page_parser.py - INFO - ----------------------------------------------------------------------------------------------------
2021-04-06 16:16:34,731 - page_parser.py - INFO - #原来我就是个无效人#虽然你无效化妆 无效穿搭 无效社交但是没关系啊 你做到了有效干饭！！！你吃的每一粒米都不会辜负你的的体重  [组图共6张] 原图 
微博发布位置：无
发布时间：2021-02-21 10:54
发布工具：无
点赞数：1106
转发数：238
评论数：276
url：https://weibo.cn/comment/K2VUdyNXZ

2021-04-06 16:16:34,732 - page_parser.py - INFO - ----------------------------------------------------------------------------------------------------
2021-04-06 16:16:35,046 - page_parser.py - INFO - #人为了打牌能有多努力# 不赢就离谱 搞笑皮哥的微博视频  
微博发布位置：无
发布时间：2021-02-20 22:56
发布工具：微博视频号
点赞数：723
转发数：236
评论数：269
url：https://weibo.cn/comment/K2RcY67jF

2021-04-06 16:16:35,046 - page_parser.py - INFO - ----------------------------------------------------------------------------------------------------
2021-04-06 16:16:35,407 - page_parser.py - INFO - 猫：我该洗澡了 搞笑皮哥的微博视频  
微博发布位置：无
发布时间：2021-02-20 22:52
发布工具：微博视频号
点赞数：619
转发数：222
评论数：263
url：https://weibo.cn/comment/K2Rb3m2G8

2021-04-06 16:16:35,407 - page_parser.py - INFO - ----------------------------------------------------------------------------------------------------
2021-04-06 16:16:35,409 - spider.py - INFO - ------------------------------已获取搞笑皮哥(2640113513)的第13页微博------------------------------
2021-04-06 16:16:35,425 - json_writer.py - INFO - 10条微博写入json文件完毕，保存路径：E:\python_work\wbSpider\weibo\2640113513\2640113513.json
2021-04-06 16:16:35,425 - downloader.py - INFO - 即将进行视频下载
2021-04-06 16:16:45,470 - downloader.py - INFO - 视频下载完毕,保存路径:
2021-04-06 16:16:45,470 - downloader.py - INFO - E:\python_work\wbSpider\weibo\2640113513\video
2021-04-06 16:16:46,536 - page_parser.py - INFO - 狗：到底谁才是真的狗 搞笑皮哥的微博视频  
微博发布位置：无
发布时间：2021-02-19 23:17
发布工具：微博视频号
点赞数：670
转发数：244
评论数：279
url：https://weibo.cn/comment/K2HUVsfNh

2021-04-06 16:16:46,536 - page_parser.py - INFO - ----------------------------------------------------------------------------------------------------
2021-04-06 16:16:46,959 - page_parser.py - INFO - #小猫咪也会吵架# 有无裁判来看看谁吵赢了 搞笑皮哥的微博视频  
微博发布位置：无
发布时间：2021-02-19 23:08
发布工具：微博视频号
点赞数：612
转发数：238
评论数：273
url：https://weibo.cn/comment/K2HR3efC2

2021-04-06 16:16:46,959 - page_parser.py - INFO - ----------------------------------------------------------------------------------------------------
2021-04-06 16:16:47,344 - page_parser.py - INFO - 小羊超拽 搞笑皮哥的微博视频  
微博发布位置：无
发布时间：2021-02-18 23:38
发布工具：微博视频号
点赞数：634
转发数：235
评论数：271
url：https://weibo.cn/comment/K2yCQ8V0K

2021-04-06 16:16:47,344 - page_parser.py - INFO - ----------------------------------------------------------------------------------------------------
2021-04-06 16:16:47,692 - page_parser.py - INFO - 哈哈哈哈在讲什么大道理哦！ 搞笑皮哥的微博视频  
微博发布位置：无
发布时间：2021-02-18 23:29
发布工具：微博视频号
点赞数：677
转发数：250
评论数：295
url：https://weibo.cn/comment/K2yz75y2c

2021-04-06 16:16:47,692 - page_parser.py - INFO - ----------------------------------------------------------------------------------------------------
2021-04-06 16:16:48,341 - page_parser.py - INFO - 现在的女孩子们咋都跟公主似的，似乎没什么不会的！还别不信嘿～看！3月1日迪士尼#天猫超级品牌日#让我们见识了什么是美“力”动人，如果你也想跟她们一样秀出公主力，那就来吧，打开淘宝搜索#公主力不定义#查收邀请函，唤醒你的公主身份，还有机会参加2月28日迪士尼公主派对哦~超级品牌日的微博视频  
微博发布位置：无
发布时间：2021-02-18 20:30
发布工具：微博视频号
点赞数：1232
转发数：219
评论数：331
url：https://weibo.cn/comment/K2xomFRud

2021-04-06 16:16:48,341 - page_parser.py - INFO - ----------------------------------------------------------------------------------------------------
2021-04-06 16:16:48,680 - page_parser.py - INFO - 真·钛合金狗眼监控 搞笑皮哥的微博视频  
微博发布位置：无
发布时间：2021-02-17 23:30
发布工具：微博视频号
点赞数：698
转发数：218
评论数：213
url：https://weibo.cn/comment/K2p8ZwMG1

2021-04-06 16:16:48,680 - page_parser.py - INFO - ----------------------------------------------------------------------------------------------------
2021-04-06 16:16:48,996 - page_parser.py - INFO - 哈哈哈哈哈模仿技能拉满 搞笑皮哥的微博视频  
微博发布位置：无
发布时间：2021-02-17 23:26
发布工具：微博视频号
点赞数：766
转发数：243
评论数：283
url：https://weibo.cn/comment/K2p7DFWYJ

2021-04-06 16:16:48,996 - page_parser.py - INFO - ----------------------------------------------------------------------------------------------------
2021-04-06 16:16:49,398 - page_parser.py - INFO - 优雅永不过时 搞笑皮哥的微博视频  
微博发布位置：无
发布时间：2021-02-16 23:25
发布工具：微博视频号
点赞数：1199
转发数：91
评论数：176
url：https://weibo.cn/comment/K2fGpCqLz

2021-04-06 16:16:49,398 - page_parser.py - INFO - ----------------------------------------------------------------------------------------------------
2021-04-06 16:16:49,752 - page_parser.py - INFO - 越努力 越心酸 搞笑皮哥的微博视频  
微博发布位置：无
发布时间：2021-02-15 22:39
发布工具：微博视频号
点赞数：721
转发数：248
评论数：272
url：https://weibo.cn/comment/K25XjoNKM

2021-04-06 16:16:49,752 - page_parser.py - INFO - ----------------------------------------------------------------------------------------------------
2021-04-06 16:16:50,200 - page_parser.py - INFO - 哈哈哈哈哈哈哈哈哈哈i跳远人士速来 搞笑皮哥的微博视频  
微博发布位置：无
发布时间：2021-02-15 22:33
发布工具：微博视频号
点赞数：700
转发数：245
评论数：292
url：https://weibo.cn/comment/K25UT523n

2021-04-06 16:16:50,200 - page_parser.py - INFO - ----------------------------------------------------------------------------------------------------
2021-04-06 16:16:50,216 - spider.py - INFO - ------------------------------已获取搞笑皮哥(2640113513)的第14页微博------------------------------
2021-04-06 16:16:50,247 - json_writer.py - INFO - 10条微博写入json文件完毕，保存路径：E:\python_work\wbSpider\weibo\2640113513\2640113513.json
2021-04-06 16:16:50,247 - downloader.py - INFO - 即将进行视频下载
2021-04-06 23:26:37,522 - spider.py - INFO - 用户昵称: 搞笑皮哥
用户id: 2640113513
微博数: 131446
关注数: 2396
粉丝数: 21877196

2021-04-06 23:26:37,600 - spider.py - INFO - ****************************************************************************************************
2021-04-06 23:26:37,803 - spider.py - INFO - ****************************************************************************************************
2021-04-06 23:26:40,381 - page_parser.py - INFO - [置顶]#令人头大的祖国花朵# 小学生的作业…真是令人头大  [组图共9张] 原图 
微博发布位置：无
发布时间：2021-04-06 15:30
发布工具：无
点赞数：1784
转发数：303
评论数：373
url：https://weibo.cn/comment/K9Ew9rX3N

2021-04-06 23:26:40,381 - page_parser.py - INFO - ----------------------------------------------------------------------------------------------------
2021-04-06 23:26:40,803 - page_parser.py - INFO - #你的狗有多想你#主人去上班 狗狗在家唯一做的事情就是等主人回来 搞笑皮哥的微博视频  
微博发布位置：无
发布时间：2021-04-06 20:29
发布工具：微博视频号
点赞数：1077
转发数：238
评论数：295
url：https://weibo.cn/comment/K9GtrrHCd

2021-04-06 23:26:40,803 - page_parser.py - INFO - ----------------------------------------------------------------------------------------------------
2021-04-06 23:26:41,146 - page_parser.py - INFO - #十几岁时候的夏天有多难忘# 宫崎骏动画里的夏天真的好治愈~  搞笑皮哥的微博视频  
微博发布位置：无
发布时间：2021-04-06 14:38
发布工具：微博视频号
点赞数：991
转发数：271
评论数：294
url：https://weibo.cn/comment/K9EaV201m

2021-04-06 23:26:41,146 - page_parser.py - INFO - ----------------------------------------------------------------------------------------------------
2021-04-06 23:26:41,584 - page_parser.py - INFO - #没想到考拉这么悲惨# 以前还羡慕考拉每天都在睡觉，立志下辈子要做一只考拉！现在知道真相的我眼泪掉下来...  搞笑皮哥的微博视频  
微博发布位置：无
发布时间：2021-04-06 11:41
发布工具：微博视频号
点赞数：1140
转发数：230
评论数：294
url：https://weibo.cn/comment/K9D13kBPr

2021-04-06 23:26:41,584 - page_parser.py - INFO - ----------------------------------------------------------------------------------------------------
2021-04-06 23:26:42,099 - page_parser.py - INFO - #特别害怕的词汇#实不相瞒 一张纸划下来我真的要窒息了你最害怕的词语是什么？  [组图共10张] 原图 
微博发布位置：无
发布时间：2021-04-06 10:58
发布工具：无
点赞数：973
转发数：230
评论数：303
url：https://weibo.cn/comment/K9CJSAzTk

2021-04-06 23:26:42,099 - page_parser.py - INFO - ----------------------------------------------------------------------------------------------------
2021-04-06 23:26:42,443 - page_parser.py - INFO - #因口误引发的社死现场# 笑死 喝饭吃水大家有没有因为口误而发声什么尴尬事儿？  搞笑皮哥的微博视频  
微博发布位置：无
发布时间：2021-04-06 10:43
发布工具：微博视频号
点赞数：1171
转发数：236
评论数：300
url：https://weibo.cn/comment/K9CDH67xd

2021-04-06 23:26:42,443 - page_parser.py - INFO - ----------------------------------------------------------------------------------------------------
2021-04-06 23:26:43,115 - page_parser.py - INFO - #妲己总喂纣王吃葡萄的原因#哈哈哈哈哈哈哈哈哈哈原因如下👇  [组图共9张] 原图 
微博发布位置：无
发布时间：2021-04-06 10:20
发布工具：无
点赞数：1277
转发数：220
评论数：281
url：https://weibo.cn/comment/K9Cu79Kgy

2021-04-06 23:26:43,115 - page_parser.py - INFO - ----------------------------------------------------------------------------------------------------
2021-04-06 23:26:43,443 - page_parser.py - INFO - #live house全场在蹦好日子#哈哈哈哈哈哈哈哈哈哈哈哈哈哈哈哈哈这就是养生蹦迪局嘛！是可以投稿迷惑行为大赏的程度  搞笑皮哥的微博视频  
微博发布位置：无
发布时间：2021-04-06 10:00
发布工具：微博视频号
点赞数：1214
转发数：198
评论数：298
url：https://weibo.cn/comment/K9Cm975WJ

2021-04-06 23:26:43,443 - page_parser.py - INFO - ----------------------------------------------------------------------------------------------------
2021-04-06 23:26:43,818 - page_parser.py - INFO - #怎么暗示领导这礼物很贵#学到了！但是有胆子这么说还给领导送什么礼啊 搞笑皮哥的微博视频  
微博发布位置：无
发布时间：2021-04-05 19:25
发布工具：微博视频号
点赞数：1303
转发数：328
评论数：289
url：https://weibo.cn/comment/K9wD95QRf

2021-04-06 23:26:43,818 - page_parser.py - INFO - ----------------------------------------------------------------------------------------------------
2021-04-06 23:26:44,318 - page_parser.py - INFO - #忘摘口罩引发的社死现场#口罩和面条打了个照面～ 搞笑皮哥的微博视频  
微博发布位置：无
发布时间：2021-04-05 11:19
发布工具：微博视频号
点赞数：1195
转发数：340
评论数：311
url：https://weibo.cn/comment/K9trKl1NB

2021-04-06 23:26:44,318 - page_parser.py - INFO - ----------------------------------------------------------------------------------------------------
2021-04-06 23:26:44,334 - spider.py - INFO - ------------------------------已获取搞笑皮哥(2640113513)的第1页微博------------------------------
2021-04-06 23:26:44,334 - json_writer.py - INFO - 10条微博写入json文件完毕，保存路径：E:\python_work\wbSpider\weibo\2640113513\2640113513.json
2021-04-06 23:26:44,334 - downloader.py - INFO - 即将进行视频下载
